<?xml version="1.0" encoding="UTF-8"?>
<testsuite xmlns:xsi="http://www.w3.org/2001/XMLSchema-instance" xsi:noNamespaceSchemaLocation="https://maven.apache.org/surefire/maven-surefire-plugin/xsd/surefire-test-report.xsd" name="br.ufrn.imd.mmgg.AppTest" time="0.147" tests="1" errors="0" skipped="0" failures="0">
  <properties>
    <property name="sun.desktop" value="gnome"/>
    <property name="awt.toolkit" value="sun.awt.X11.XToolkit"/>
    <property name="java.specification.version" value="11"/>
    <property name="sun.cpu.isalist" value=""/>
    <property name="sun.jnu.encoding" value="UTF-8"/>
    <property name="java.class.path" value="/media/matheus-mota/SSD-480/Workspaces/BTI/hospital-reactive-microservices/inpatient-unit-reactive-service/target/test-classes:/media/matheus-mota/SSD-480/Workspaces/BTI/hospital-reactive-microservices/inpatient-unit-reactive-service/target/classes:/home/matheus-mota/.m2/repository/org/springframework/boot/spring-boot-starter-webflux/2.6.7/spring-boot-starter-webflux-2.6.7.jar:/home/matheus-mota/.m2/repository/org/springframework/boot/spring-boot-starter-json/2.6.7/spring-boot-starter-json-2.6.7.jar:/home/matheus-mota/.m2/repository/com/fasterxml/jackson/datatype/jackson-datatype-jdk8/2.13.2/jackson-datatype-jdk8-2.13.2.jar:/home/matheus-mota/.m2/repository/com/fasterxml/jackson/datatype/jackson-datatype-jsr310/2.13.2/jackson-datatype-jsr310-2.13.2.jar:/home/matheus-mota/.m2/repository/com/fasterxml/jackson/module/jackson-module-parameter-names/2.13.2/jackson-module-parameter-names-2.13.2.jar:/home/matheus-mota/.m2/repository/org/springframework/boot/spring-boot-starter-reactor-netty/2.6.7/spring-boot-starter-reactor-netty-2.6.7.jar:/home/matheus-mota/.m2/repository/io/projectreactor/netty/reactor-netty-http/1.0.18/reactor-netty-http-1.0.18.jar:/home/matheus-mota/.m2/repository/io/netty/netty-codec-http/4.1.76.Final/netty-codec-http-4.1.76.Final.jar:/home/matheus-mota/.m2/repository/io/netty/netty-common/4.1.76.Final/netty-common-4.1.76.Final.jar:/home/matheus-mota/.m2/repository/io/netty/netty-buffer/4.1.76.Final/netty-buffer-4.1.76.Final.jar:/home/matheus-mota/.m2/repository/io/netty/netty-transport/4.1.76.Final/netty-transport-4.1.76.Final.jar:/home/matheus-mota/.m2/repository/io/netty/netty-codec/4.1.76.Final/netty-codec-4.1.76.Final.jar:/home/matheus-mota/.m2/repository/io/netty/netty-codec-http2/4.1.76.Final/netty-codec-http2-4.1.76.Final.jar:/home/matheus-mota/.m2/repository/io/netty/netty-resolver-dns/4.1.76.Final/netty-resolver-dns-4.1.76.Final.jar:/home/matheus-mota/.m2/repository/io/netty/netty-resolver/4.1.76.Final/netty-resolver-4.1.76.Final.jar:/home/matheus-mota/.m2/repository/io/netty/netty-codec-dns/4.1.76.Final/netty-codec-dns-4.1.76.Final.jar:/home/matheus-mota/.m2/repository/io/netty/netty-resolver-dns-native-macos/4.1.76.Final/netty-resolver-dns-native-macos-4.1.76.Final-osx-x86_64.jar:/home/matheus-mota/.m2/repository/io/netty/netty-resolver-dns-classes-macos/4.1.76.Final/netty-resolver-dns-classes-macos-4.1.76.Final.jar:/home/matheus-mota/.m2/repository/io/netty/netty-transport-native-epoll/4.1.76.Final/netty-transport-native-epoll-4.1.76.Final-linux-x86_64.jar:/home/matheus-mota/.m2/repository/io/netty/netty-transport-native-unix-common/4.1.76.Final/netty-transport-native-unix-common-4.1.76.Final.jar:/home/matheus-mota/.m2/repository/io/netty/netty-transport-classes-epoll/4.1.76.Final/netty-transport-classes-epoll-4.1.76.Final.jar:/home/matheus-mota/.m2/repository/org/springframework/spring-web/5.3.19/spring-web-5.3.19.jar:/home/matheus-mota/.m2/repository/org/springframework/spring-webflux/5.3.19/spring-webflux-5.3.19.jar:/home/matheus-mota/.m2/repository/org/springframework/data/spring-data-r2dbc/1.4.4/spring-data-r2dbc-1.4.4.jar:/home/matheus-mota/.m2/repository/org/springframework/data/spring-data-commons/2.6.4/spring-data-commons-2.6.4.jar:/home/matheus-mota/.m2/repository/org/springframework/data/spring-data-relational/2.3.4/spring-data-relational-2.3.4.jar:/home/matheus-mota/.m2/repository/org/springframework/spring-r2dbc/5.3.19/spring-r2dbc-5.3.19.jar:/home/matheus-mota/.m2/repository/org/springframework/spring-tx/5.3.19/spring-tx-5.3.19.jar:/home/matheus-mota/.m2/repository/org/springframework/spring-context/5.3.19/spring-context-5.3.19.jar:/home/matheus-mota/.m2/repository/org/springframework/spring-aop/5.3.19/spring-aop-5.3.19.jar:/home/matheus-mota/.m2/repository/org/springframework/spring-expression/5.3.19/spring-expression-5.3.19.jar:/home/matheus-mota/.m2/repository/org/springframework/spring-beans/5.3.19/spring-beans-5.3.19.jar:/home/matheus-mota/.m2/repository/org/springframework/spring-core/5.3.19/spring-core-5.3.19.jar:/home/matheus-mota/.m2/repository/org/springframework/spring-jcl/5.3.19/spring-jcl-5.3.19.jar:/home/matheus-mota/.m2/repository/io/r2dbc/r2dbc-spi/0.8.6.RELEASE/r2dbc-spi-0.8.6.RELEASE.jar:/home/matheus-mota/.m2/repository/org/reactivestreams/reactive-streams/1.0.3/reactive-streams-1.0.3.jar:/home/matheus-mota/.m2/repository/io/projectreactor/reactor-core/3.4.17/reactor-core-3.4.17.jar:/home/matheus-mota/.m2/repository/org/slf4j/slf4j-api/1.7.36/slf4j-api-1.7.36.jar:/home/matheus-mota/.m2/repository/org/springframework/boot/spring-boot-starter-jdbc/2.6.7/spring-boot-starter-jdbc-2.6.7.jar:/home/matheus-mota/.m2/repository/com/zaxxer/HikariCP/4.0.3/HikariCP-4.0.3.jar:/home/matheus-mota/.m2/repository/org/springframework/spring-jdbc/5.3.19/spring-jdbc-5.3.19.jar:/home/matheus-mota/.m2/repository/org/liquibase/liquibase-core/4.5.0/liquibase-core-4.5.0.jar:/home/matheus-mota/.m2/repository/javax/xml/bind/jaxb-api/2.3.1/jaxb-api-2.3.1.jar:/home/matheus-mota/.m2/repository/javax/activation/javax.activation-api/1.2.0/javax.activation-api-1.2.0.jar:/home/matheus-mota/.m2/repository/junit/junit/4.13.2/junit-4.13.2.jar:/home/matheus-mota/.m2/repository/org/hamcrest/hamcrest-core/2.2/hamcrest-core-2.2.jar:/home/matheus-mota/.m2/repository/org/hamcrest/hamcrest/2.2/hamcrest-2.2.jar:/home/matheus-mota/.m2/repository/io/r2dbc/r2dbc-postgresql/0.8.12.RELEASE/r2dbc-postgresql-0.8.12.RELEASE.jar:/home/matheus-mota/.m2/repository/com/ongres/scram/client/2.1/client-2.1.jar:/home/matheus-mota/.m2/repository/com/ongres/scram/common/2.1/common-2.1.jar:/home/matheus-mota/.m2/repository/com/ongres/stringprep/saslprep/1.1/saslprep-1.1.jar:/home/matheus-mota/.m2/repository/com/ongres/stringprep/stringprep/1.1/stringprep-1.1.jar:/home/matheus-mota/.m2/repository/io/projectreactor/netty/reactor-netty/1.0.18/reactor-netty-1.0.18.jar:/home/matheus-mota/.m2/repository/io/projectreactor/netty/reactor-netty-core/1.0.18/reactor-netty-core-1.0.18.jar:/home/matheus-mota/.m2/repository/io/netty/netty-handler/4.1.76.Final/netty-handler-4.1.76.Final.jar:/home/matheus-mota/.m2/repository/io/netty/netty-handler-proxy/4.1.76.Final/netty-handler-proxy-4.1.76.Final.jar:/home/matheus-mota/.m2/repository/io/netty/netty-codec-socks/4.1.76.Final/netty-codec-socks-4.1.76.Final.jar:/home/matheus-mota/.m2/repository/io/projectreactor/netty/incubator/reactor-netty-incubator-quic/0.0.7/reactor-netty-incubator-quic-0.0.7.jar:/home/matheus-mota/.m2/repository/io/netty/incubator/netty-incubator-codec-native-quic/0.0.26.Final/netty-incubator-codec-native-quic-0.0.26.Final-linux-x86_64.jar:/home/matheus-mota/.m2/repository/io/netty/incubator/netty-incubator-codec-classes-quic/0.0.26.Final/netty-incubator-codec-classes-quic-0.0.26.Final.jar:/home/matheus-mota/.m2/repository/io/projectreactor/netty/reactor-netty-http-brave/1.0.18/reactor-netty-http-brave-1.0.18.jar:/home/matheus-mota/.m2/repository/io/zipkin/brave/brave-instrumentation-http/5.13.9/brave-instrumentation-http-5.13.9.jar:/home/matheus-mota/.m2/repository/io/zipkin/brave/brave/5.13.9/brave-5.13.9.jar:/home/matheus-mota/.m2/repository/io/zipkin/reporter2/zipkin-reporter-brave/2.16.3/zipkin-reporter-brave-2.16.3.jar:/home/matheus-mota/.m2/repository/io/zipkin/reporter2/zipkin-reporter/2.16.3/zipkin-reporter-2.16.3.jar:/home/matheus-mota/.m2/repository/io/zipkin/zipkin2/zipkin/2.23.2/zipkin-2.23.2.jar:/home/matheus-mota/.m2/repository/org/postgresql/postgresql/42.3.4/postgresql-42.3.4.jar:/home/matheus-mota/.m2/repository/org/checkerframework/checker-qual/3.5.0/checker-qual-3.5.0.jar:/home/matheus-mota/.m2/repository/org/springframework/cloud/spring-cloud-starter-netflix-eureka-client/3.1.3/spring-cloud-starter-netflix-eureka-client-3.1.3.jar:/home/matheus-mota/.m2/repository/org/springframework/cloud/spring-cloud-starter/3.1.3/spring-cloud-starter-3.1.3.jar:/home/matheus-mota/.m2/repository/org/springframework/cloud/spring-cloud-context/3.1.3/spring-cloud-context-3.1.3.jar:/home/matheus-mota/.m2/repository/org/springframework/security/spring-security-crypto/5.6.3/spring-security-crypto-5.6.3.jar:/home/matheus-mota/.m2/repository/org/springframework/cloud/spring-cloud-commons/3.1.3/spring-cloud-commons-3.1.3.jar:/home/matheus-mota/.m2/repository/org/springframework/security/spring-security-rsa/1.0.10.RELEASE/spring-security-rsa-1.0.10.RELEASE.jar:/home/matheus-mota/.m2/repository/org/bouncycastle/bcpkix-jdk15on/1.68/bcpkix-jdk15on-1.68.jar:/home/matheus-mota/.m2/repository/org/bouncycastle/bcprov-jdk15on/1.68/bcprov-jdk15on-1.68.jar:/home/matheus-mota/.m2/repository/org/springframework/cloud/spring-cloud-netflix-eureka-client/3.1.3/spring-cloud-netflix-eureka-client-3.1.3.jar:/home/matheus-mota/.m2/repository/com/netflix/eureka/eureka-client/1.10.17/eureka-client-1.10.17.jar:/home/matheus-mota/.m2/repository/com/netflix/netflix-commons/netflix-eventbus/0.3.0/netflix-eventbus-0.3.0.jar:/home/matheus-mota/.m2/repository/com/netflix/netflix-commons/netflix-infix/0.3.0/netflix-infix-0.3.0.jar:/home/matheus-mota/.m2/repository/commons-jxpath/commons-jxpath/1.3/commons-jxpath-1.3.jar:/home/matheus-mota/.m2/repository/joda-time/joda-time/2.3/joda-time-2.3.jar:/home/matheus-mota/.m2/repository/org/antlr/antlr-runtime/3.4/antlr-runtime-3.4.jar:/home/matheus-mota/.m2/repository/org/antlr/stringtemplate/3.2.1/stringtemplate-3.2.1.jar:/home/matheus-mota/.m2/repository/antlr/antlr/2.7.7/antlr-2.7.7.jar:/home/matheus-mota/.m2/repository/com/google/code/gson/gson/2.8.9/gson-2.8.9.jar:/home/matheus-mota/.m2/repository/org/apache/commons/commons-math/2.2/commons-math-2.2.jar:/home/matheus-mota/.m2/repository/com/thoughtworks/xstream/xstream/1.4.18/xstream-1.4.18.jar:/home/matheus-mota/.m2/repository/io/github/x-stream/mxparser/1.2.2/mxparser-1.2.2.jar:/home/matheus-mota/.m2/repository/xmlpull/xmlpull/1.1.3.1/xmlpull-1.1.3.1.jar:/home/matheus-mota/.m2/repository/javax/ws/rs/jsr311-api/1.1.1/jsr311-api-1.1.1.jar:/home/matheus-mota/.m2/repository/com/netflix/servo/servo-core/0.12.21/servo-core-0.12.21.jar:/home/matheus-mota/.m2/repository/com/google/guava/guava/19.0/guava-19.0.jar:/home/matheus-mota/.m2/repository/org/apache/httpcomponents/httpclient/4.5.13/httpclient-4.5.13.jar:/home/matheus-mota/.m2/repository/org/apache/httpcomponents/httpcore/4.4.15/httpcore-4.4.15.jar:/home/matheus-mota/.m2/repository/commons-codec/commons-codec/1.15/commons-codec-1.15.jar:/home/matheus-mota/.m2/repository/commons-configuration/commons-configuration/1.10/commons-configuration-1.10.jar:/home/matheus-mota/.m2/repository/commons-lang/commons-lang/2.6/commons-lang-2.6.jar:/home/matheus-mota/.m2/repository/com/google/inject/guice/4.1.0/guice-4.1.0.jar:/home/matheus-mota/.m2/repository/javax/inject/javax.inject/1/javax.inject-1.jar:/home/matheus-mota/.m2/repository/com/fasterxml/jackson/core/jackson-annotations/2.13.2/jackson-annotations-2.13.2.jar:/home/matheus-mota/.m2/repository/com/fasterxml/jackson/core/jackson-core/2.13.2/jackson-core-2.13.2.jar:/home/matheus-mota/.m2/repository/org/codehaus/jettison/jettison/1.4.0/jettison-1.4.0.jar:/home/matheus-mota/.m2/repository/com/netflix/eureka/eureka-core/1.10.17/eureka-core-1.10.17.jar:/home/matheus-mota/.m2/repository/com/fasterxml/woodstox/woodstox-core/6.2.1/woodstox-core-6.2.1.jar:/home/matheus-mota/.m2/repository/org/codehaus/woodstox/stax2-api/4.2.1/stax2-api-4.2.1.jar:/home/matheus-mota/.m2/repository/org/springframework/cloud/spring-cloud-starter-loadbalancer/3.1.3/spring-cloud-starter-loadbalancer-3.1.3.jar:/home/matheus-mota/.m2/repository/org/springframework/cloud/spring-cloud-loadbalancer/3.1.3/spring-cloud-loadbalancer-3.1.3.jar:/home/matheus-mota/.m2/repository/io/projectreactor/addons/reactor-extra/3.4.8/reactor-extra-3.4.8.jar:/home/matheus-mota/.m2/repository/org/springframework/boot/spring-boot-starter-cache/2.6.7/spring-boot-starter-cache-2.6.7.jar:/home/matheus-mota/.m2/repository/org/springframework/spring-context-support/5.3.19/spring-context-support-5.3.19.jar:/home/matheus-mota/.m2/repository/com/stoyanr/evictor/1.0.0/evictor-1.0.0.jar:/home/matheus-mota/.m2/repository/org/springframework/cloud/spring-cloud-starter-config/3.1.3/spring-cloud-starter-config-3.1.3.jar:/home/matheus-mota/.m2/repository/org/springframework/cloud/spring-cloud-config-client/3.1.3/spring-cloud-config-client-3.1.3.jar:/home/matheus-mota/.m2/repository/com/fasterxml/jackson/core/jackson-databind/2.13.2.1/jackson-databind-2.13.2.1.jar:/media/matheus-mota/SSD-480/Workspaces/BTI/hospital-reactive-microservices/core-reactive/target/core-reactive-0.0.1-SNAPSHOT.jar:/home/matheus-mota/.m2/repository/javax/validation/validation-api/2.0.1.Final/validation-api-2.0.1.Final.jar:/home/matheus-mota/.m2/repository/org/springframework/boot/spring-boot-starter/2.6.7/spring-boot-starter-2.6.7.jar:/home/matheus-mota/.m2/repository/org/springframework/boot/spring-boot/2.6.7/spring-boot-2.6.7.jar:/home/matheus-mota/.m2/repository/org/springframework/boot/spring-boot-autoconfigure/2.6.7/spring-boot-autoconfigure-2.6.7.jar:/home/matheus-mota/.m2/repository/org/springframework/boot/spring-boot-starter-logging/2.6.7/spring-boot-starter-logging-2.6.7.jar:/home/matheus-mota/.m2/repository/ch/qos/logback/logback-classic/1.2.11/logback-classic-1.2.11.jar:/home/matheus-mota/.m2/repository/ch/qos/logback/logback-core/1.2.11/logback-core-1.2.11.jar:/home/matheus-mota/.m2/repository/org/apache/logging/log4j/log4j-to-slf4j/2.17.2/log4j-to-slf4j-2.17.2.jar:/home/matheus-mota/.m2/repository/org/apache/logging/log4j/log4j-api/2.17.2/log4j-api-2.17.2.jar:/home/matheus-mota/.m2/repository/org/slf4j/jul-to-slf4j/1.7.36/jul-to-slf4j-1.7.36.jar:/home/matheus-mota/.m2/repository/jakarta/annotation/jakarta.annotation-api/1.3.5/jakarta.annotation-api-1.3.5.jar:/home/matheus-mota/.m2/repository/org/yaml/snakeyaml/1.29/snakeyaml-1.29.jar:/home/matheus-mota/.m2/repository/org/springframework/boot/spring-boot-devtools/2.6.7/spring-boot-devtools-2.6.7.jar:"/>
    <property name="java.vm.vendor" value="Ubuntu"/>
    <property name="sun.arch.data.model" value="64"/>
    <property name="java.vendor.url" value="https://ubuntu.com/"/>
    <property name="user.timezone" value=""/>
    <property name="java.vm.specification.version" value="11"/>
    <property name="os.name" value="Linux"/>
    <property name="sun.java.launcher" value="SUN_STANDARD"/>
    <property name="user.country" value="BR"/>
    <property name="sun.boot.library.path" value="/usr/lib/jvm/java-11-openjdk-amd64/lib"/>
    <property name="sun.java.command" value="/media/matheus-mota/SSD-480/Workspaces/BTI/hospital-reactive-microservices/inpatient-unit-reactive-service/target/surefire/surefirebooter2050716694124220348.jar /media/matheus-mota/SSD-480/Workspaces/BTI/hospital-reactive-microservices/inpatient-unit-reactive-service/target/surefire 2022-07-18T21-45-35_092-jvmRun1 surefire13579434735797199838tmp surefire_44542435106417893093tmp"/>
    <property name="jdk.debug" value="release"/>
    <property name="surefire.test.class.path" value="/media/matheus-mota/SSD-480/Workspaces/BTI/hospital-reactive-microservices/inpatient-unit-reactive-service/target/test-classes:/media/matheus-mota/SSD-480/Workspaces/BTI/hospital-reactive-microservices/inpatient-unit-reactive-service/target/classes:/home/matheus-mota/.m2/repository/org/springframework/boot/spring-boot-starter-webflux/2.6.7/spring-boot-starter-webflux-2.6.7.jar:/home/matheus-mota/.m2/repository/org/springframework/boot/spring-boot-starter-json/2.6.7/spring-boot-starter-json-2.6.7.jar:/home/matheus-mota/.m2/repository/com/fasterxml/jackson/datatype/jackson-datatype-jdk8/2.13.2/jackson-datatype-jdk8-2.13.2.jar:/home/matheus-mota/.m2/repository/com/fasterxml/jackson/datatype/jackson-datatype-jsr310/2.13.2/jackson-datatype-jsr310-2.13.2.jar:/home/matheus-mota/.m2/repository/com/fasterxml/jackson/module/jackson-module-parameter-names/2.13.2/jackson-module-parameter-names-2.13.2.jar:/home/matheus-mota/.m2/repository/org/springframework/boot/spring-boot-starter-reactor-netty/2.6.7/spring-boot-starter-reactor-netty-2.6.7.jar:/home/matheus-mota/.m2/repository/io/projectreactor/netty/reactor-netty-http/1.0.18/reactor-netty-http-1.0.18.jar:/home/matheus-mota/.m2/repository/io/netty/netty-codec-http/4.1.76.Final/netty-codec-http-4.1.76.Final.jar:/home/matheus-mota/.m2/repository/io/netty/netty-common/4.1.76.Final/netty-common-4.1.76.Final.jar:/home/matheus-mota/.m2/repository/io/netty/netty-buffer/4.1.76.Final/netty-buffer-4.1.76.Final.jar:/home/matheus-mota/.m2/repository/io/netty/netty-transport/4.1.76.Final/netty-transport-4.1.76.Final.jar:/home/matheus-mota/.m2/repository/io/netty/netty-codec/4.1.76.Final/netty-codec-4.1.76.Final.jar:/home/matheus-mota/.m2/repository/io/netty/netty-codec-http2/4.1.76.Final/netty-codec-http2-4.1.76.Final.jar:/home/matheus-mota/.m2/repository/io/netty/netty-resolver-dns/4.1.76.Final/netty-resolver-dns-4.1.76.Final.jar:/home/matheus-mota/.m2/repository/io/netty/netty-resolver/4.1.76.Final/netty-resolver-4.1.76.Final.jar:/home/matheus-mota/.m2/repository/io/netty/netty-codec-dns/4.1.76.Final/netty-codec-dns-4.1.76.Final.jar:/home/matheus-mota/.m2/repository/io/netty/netty-resolver-dns-native-macos/4.1.76.Final/netty-resolver-dns-native-macos-4.1.76.Final-osx-x86_64.jar:/home/matheus-mota/.m2/repository/io/netty/netty-resolver-dns-classes-macos/4.1.76.Final/netty-resolver-dns-classes-macos-4.1.76.Final.jar:/home/matheus-mota/.m2/repository/io/netty/netty-transport-native-epoll/4.1.76.Final/netty-transport-native-epoll-4.1.76.Final-linux-x86_64.jar:/home/matheus-mota/.m2/repository/io/netty/netty-transport-native-unix-common/4.1.76.Final/netty-transport-native-unix-common-4.1.76.Final.jar:/home/matheus-mota/.m2/repository/io/netty/netty-transport-classes-epoll/4.1.76.Final/netty-transport-classes-epoll-4.1.76.Final.jar:/home/matheus-mota/.m2/repository/org/springframework/spring-web/5.3.19/spring-web-5.3.19.jar:/home/matheus-mota/.m2/repository/org/springframework/spring-webflux/5.3.19/spring-webflux-5.3.19.jar:/home/matheus-mota/.m2/repository/org/springframework/data/spring-data-r2dbc/1.4.4/spring-data-r2dbc-1.4.4.jar:/home/matheus-mota/.m2/repository/org/springframework/data/spring-data-commons/2.6.4/spring-data-commons-2.6.4.jar:/home/matheus-mota/.m2/repository/org/springframework/data/spring-data-relational/2.3.4/spring-data-relational-2.3.4.jar:/home/matheus-mota/.m2/repository/org/springframework/spring-r2dbc/5.3.19/spring-r2dbc-5.3.19.jar:/home/matheus-mota/.m2/repository/org/springframework/spring-tx/5.3.19/spring-tx-5.3.19.jar:/home/matheus-mota/.m2/repository/org/springframework/spring-context/5.3.19/spring-context-5.3.19.jar:/home/matheus-mota/.m2/repository/org/springframework/spring-aop/5.3.19/spring-aop-5.3.19.jar:/home/matheus-mota/.m2/repository/org/springframework/spring-expression/5.3.19/spring-expression-5.3.19.jar:/home/matheus-mota/.m2/repository/org/springframework/spring-beans/5.3.19/spring-beans-5.3.19.jar:/home/matheus-mota/.m2/repository/org/springframework/spring-core/5.3.19/spring-core-5.3.19.jar:/home/matheus-mota/.m2/repository/org/springframework/spring-jcl/5.3.19/spring-jcl-5.3.19.jar:/home/matheus-mota/.m2/repository/io/r2dbc/r2dbc-spi/0.8.6.RELEASE/r2dbc-spi-0.8.6.RELEASE.jar:/home/matheus-mota/.m2/repository/org/reactivestreams/reactive-streams/1.0.3/reactive-streams-1.0.3.jar:/home/matheus-mota/.m2/repository/io/projectreactor/reactor-core/3.4.17/reactor-core-3.4.17.jar:/home/matheus-mota/.m2/repository/org/slf4j/slf4j-api/1.7.36/slf4j-api-1.7.36.jar:/home/matheus-mota/.m2/repository/org/springframework/boot/spring-boot-starter-jdbc/2.6.7/spring-boot-starter-jdbc-2.6.7.jar:/home/matheus-mota/.m2/repository/com/zaxxer/HikariCP/4.0.3/HikariCP-4.0.3.jar:/home/matheus-mota/.m2/repository/org/springframework/spring-jdbc/5.3.19/spring-jdbc-5.3.19.jar:/home/matheus-mota/.m2/repository/org/liquibase/liquibase-core/4.5.0/liquibase-core-4.5.0.jar:/home/matheus-mota/.m2/repository/javax/xml/bind/jaxb-api/2.3.1/jaxb-api-2.3.1.jar:/home/matheus-mota/.m2/repository/javax/activation/javax.activation-api/1.2.0/javax.activation-api-1.2.0.jar:/home/matheus-mota/.m2/repository/junit/junit/4.13.2/junit-4.13.2.jar:/home/matheus-mota/.m2/repository/org/hamcrest/hamcrest-core/2.2/hamcrest-core-2.2.jar:/home/matheus-mota/.m2/repository/org/hamcrest/hamcrest/2.2/hamcrest-2.2.jar:/home/matheus-mota/.m2/repository/io/r2dbc/r2dbc-postgresql/0.8.12.RELEASE/r2dbc-postgresql-0.8.12.RELEASE.jar:/home/matheus-mota/.m2/repository/com/ongres/scram/client/2.1/client-2.1.jar:/home/matheus-mota/.m2/repository/com/ongres/scram/common/2.1/common-2.1.jar:/home/matheus-mota/.m2/repository/com/ongres/stringprep/saslprep/1.1/saslprep-1.1.jar:/home/matheus-mota/.m2/repository/com/ongres/stringprep/stringprep/1.1/stringprep-1.1.jar:/home/matheus-mota/.m2/repository/io/projectreactor/netty/reactor-netty/1.0.18/reactor-netty-1.0.18.jar:/home/matheus-mota/.m2/repository/io/projectreactor/netty/reactor-netty-core/1.0.18/reactor-netty-core-1.0.18.jar:/home/matheus-mota/.m2/repository/io/netty/netty-handler/4.1.76.Final/netty-handler-4.1.76.Final.jar:/home/matheus-mota/.m2/repository/io/netty/netty-handler-proxy/4.1.76.Final/netty-handler-proxy-4.1.76.Final.jar:/home/matheus-mota/.m2/repository/io/netty/netty-codec-socks/4.1.76.Final/netty-codec-socks-4.1.76.Final.jar:/home/matheus-mota/.m2/repository/io/projectreactor/netty/incubator/reactor-netty-incubator-quic/0.0.7/reactor-netty-incubator-quic-0.0.7.jar:/home/matheus-mota/.m2/repository/io/netty/incubator/netty-incubator-codec-native-quic/0.0.26.Final/netty-incubator-codec-native-quic-0.0.26.Final-linux-x86_64.jar:/home/matheus-mota/.m2/repository/io/netty/incubator/netty-incubator-codec-classes-quic/0.0.26.Final/netty-incubator-codec-classes-quic-0.0.26.Final.jar:/home/matheus-mota/.m2/repository/io/projectreactor/netty/reactor-netty-http-brave/1.0.18/reactor-netty-http-brave-1.0.18.jar:/home/matheus-mota/.m2/repository/io/zipkin/brave/brave-instrumentation-http/5.13.9/brave-instrumentation-http-5.13.9.jar:/home/matheus-mota/.m2/repository/io/zipkin/brave/brave/5.13.9/brave-5.13.9.jar:/home/matheus-mota/.m2/repository/io/zipkin/reporter2/zipkin-reporter-brave/2.16.3/zipkin-reporter-brave-2.16.3.jar:/home/matheus-mota/.m2/repository/io/zipkin/reporter2/zipkin-reporter/2.16.3/zipkin-reporter-2.16.3.jar:/home/matheus-mota/.m2/repository/io/zipkin/zipkin2/zipkin/2.23.2/zipkin-2.23.2.jar:/home/matheus-mota/.m2/repository/org/postgresql/postgresql/42.3.4/postgresql-42.3.4.jar:/home/matheus-mota/.m2/repository/org/checkerframework/checker-qual/3.5.0/checker-qual-3.5.0.jar:/home/matheus-mota/.m2/repository/org/springframework/cloud/spring-cloud-starter-netflix-eureka-client/3.1.3/spring-cloud-starter-netflix-eureka-client-3.1.3.jar:/home/matheus-mota/.m2/repository/org/springframework/cloud/spring-cloud-starter/3.1.3/spring-cloud-starter-3.1.3.jar:/home/matheus-mota/.m2/repository/org/springframework/cloud/spring-cloud-context/3.1.3/spring-cloud-context-3.1.3.jar:/home/matheus-mota/.m2/repository/org/springframework/security/spring-security-crypto/5.6.3/spring-security-crypto-5.6.3.jar:/home/matheus-mota/.m2/repository/org/springframework/cloud/spring-cloud-commons/3.1.3/spring-cloud-commons-3.1.3.jar:/home/matheus-mota/.m2/repository/org/springframework/security/spring-security-rsa/1.0.10.RELEASE/spring-security-rsa-1.0.10.RELEASE.jar:/home/matheus-mota/.m2/repository/org/bouncycastle/bcpkix-jdk15on/1.68/bcpkix-jdk15on-1.68.jar:/home/matheus-mota/.m2/repository/org/bouncycastle/bcprov-jdk15on/1.68/bcprov-jdk15on-1.68.jar:/home/matheus-mota/.m2/repository/org/springframework/cloud/spring-cloud-netflix-eureka-client/3.1.3/spring-cloud-netflix-eureka-client-3.1.3.jar:/home/matheus-mota/.m2/repository/com/netflix/eureka/eureka-client/1.10.17/eureka-client-1.10.17.jar:/home/matheus-mota/.m2/repository/com/netflix/netflix-commons/netflix-eventbus/0.3.0/netflix-eventbus-0.3.0.jar:/home/matheus-mota/.m2/repository/com/netflix/netflix-commons/netflix-infix/0.3.0/netflix-infix-0.3.0.jar:/home/matheus-mota/.m2/repository/commons-jxpath/commons-jxpath/1.3/commons-jxpath-1.3.jar:/home/matheus-mota/.m2/repository/joda-time/joda-time/2.3/joda-time-2.3.jar:/home/matheus-mota/.m2/repository/org/antlr/antlr-runtime/3.4/antlr-runtime-3.4.jar:/home/matheus-mota/.m2/repository/org/antlr/stringtemplate/3.2.1/stringtemplate-3.2.1.jar:/home/matheus-mota/.m2/repository/antlr/antlr/2.7.7/antlr-2.7.7.jar:/home/matheus-mota/.m2/repository/com/google/code/gson/gson/2.8.9/gson-2.8.9.jar:/home/matheus-mota/.m2/repository/org/apache/commons/commons-math/2.2/commons-math-2.2.jar:/home/matheus-mota/.m2/repository/com/thoughtworks/xstream/xstream/1.4.18/xstream-1.4.18.jar:/home/matheus-mota/.m2/repository/io/github/x-stream/mxparser/1.2.2/mxparser-1.2.2.jar:/home/matheus-mota/.m2/repository/xmlpull/xmlpull/1.1.3.1/xmlpull-1.1.3.1.jar:/home/matheus-mota/.m2/repository/javax/ws/rs/jsr311-api/1.1.1/jsr311-api-1.1.1.jar:/home/matheus-mota/.m2/repository/com/netflix/servo/servo-core/0.12.21/servo-core-0.12.21.jar:/home/matheus-mota/.m2/repository/com/google/guava/guava/19.0/guava-19.0.jar:/home/matheus-mota/.m2/repository/org/apache/httpcomponents/httpclient/4.5.13/httpclient-4.5.13.jar:/home/matheus-mota/.m2/repository/org/apache/httpcomponents/httpcore/4.4.15/httpcore-4.4.15.jar:/home/matheus-mota/.m2/repository/commons-codec/commons-codec/1.15/commons-codec-1.15.jar:/home/matheus-mota/.m2/repository/commons-configuration/commons-configuration/1.10/commons-configuration-1.10.jar:/home/matheus-mota/.m2/repository/commons-lang/commons-lang/2.6/commons-lang-2.6.jar:/home/matheus-mota/.m2/repository/com/google/inject/guice/4.1.0/guice-4.1.0.jar:/home/matheus-mota/.m2/repository/javax/inject/javax.inject/1/javax.inject-1.jar:/home/matheus-mota/.m2/repository/com/fasterxml/jackson/core/jackson-annotations/2.13.2/jackson-annotations-2.13.2.jar:/home/matheus-mota/.m2/repository/com/fasterxml/jackson/core/jackson-core/2.13.2/jackson-core-2.13.2.jar:/home/matheus-mota/.m2/repository/org/codehaus/jettison/jettison/1.4.0/jettison-1.4.0.jar:/home/matheus-mota/.m2/repository/com/netflix/eureka/eureka-core/1.10.17/eureka-core-1.10.17.jar:/home/matheus-mota/.m2/repository/com/fasterxml/woodstox/woodstox-core/6.2.1/woodstox-core-6.2.1.jar:/home/matheus-mota/.m2/repository/org/codehaus/woodstox/stax2-api/4.2.1/stax2-api-4.2.1.jar:/home/matheus-mota/.m2/repository/org/springframework/cloud/spring-cloud-starter-loadbalancer/3.1.3/spring-cloud-starter-loadbalancer-3.1.3.jar:/home/matheus-mota/.m2/repository/org/springframework/cloud/spring-cloud-loadbalancer/3.1.3/spring-cloud-loadbalancer-3.1.3.jar:/home/matheus-mota/.m2/repository/io/projectreactor/addons/reactor-extra/3.4.8/reactor-extra-3.4.8.jar:/home/matheus-mota/.m2/repository/org/springframework/boot/spring-boot-starter-cache/2.6.7/spring-boot-starter-cache-2.6.7.jar:/home/matheus-mota/.m2/repository/org/springframework/spring-context-support/5.3.19/spring-context-support-5.3.19.jar:/home/matheus-mota/.m2/repository/com/stoyanr/evictor/1.0.0/evictor-1.0.0.jar:/home/matheus-mota/.m2/repository/org/springframework/cloud/spring-cloud-starter-config/3.1.3/spring-cloud-starter-config-3.1.3.jar:/home/matheus-mota/.m2/repository/org/springframework/cloud/spring-cloud-config-client/3.1.3/spring-cloud-config-client-3.1.3.jar:/home/matheus-mota/.m2/repository/com/fasterxml/jackson/core/jackson-databind/2.13.2.1/jackson-databind-2.13.2.1.jar:/media/matheus-mota/SSD-480/Workspaces/BTI/hospital-reactive-microservices/core-reactive/target/core-reactive-0.0.1-SNAPSHOT.jar:/home/matheus-mota/.m2/repository/javax/validation/validation-api/2.0.1.Final/validation-api-2.0.1.Final.jar:/home/matheus-mota/.m2/repository/org/springframework/boot/spring-boot-starter/2.6.7/spring-boot-starter-2.6.7.jar:/home/matheus-mota/.m2/repository/org/springframework/boot/spring-boot/2.6.7/spring-boot-2.6.7.jar:/home/matheus-mota/.m2/repository/org/springframework/boot/spring-boot-autoconfigure/2.6.7/spring-boot-autoconfigure-2.6.7.jar:/home/matheus-mota/.m2/repository/org/springframework/boot/spring-boot-starter-logging/2.6.7/spring-boot-starter-logging-2.6.7.jar:/home/matheus-mota/.m2/repository/ch/qos/logback/logback-classic/1.2.11/logback-classic-1.2.11.jar:/home/matheus-mota/.m2/repository/ch/qos/logback/logback-core/1.2.11/logback-core-1.2.11.jar:/home/matheus-mota/.m2/repository/org/apache/logging/log4j/log4j-to-slf4j/2.17.2/log4j-to-slf4j-2.17.2.jar:/home/matheus-mota/.m2/repository/org/apache/logging/log4j/log4j-api/2.17.2/log4j-api-2.17.2.jar:/home/matheus-mota/.m2/repository/org/slf4j/jul-to-slf4j/1.7.36/jul-to-slf4j-1.7.36.jar:/home/matheus-mota/.m2/repository/jakarta/annotation/jakarta.annotation-api/1.3.5/jakarta.annotation-api-1.3.5.jar:/home/matheus-mota/.m2/repository/org/yaml/snakeyaml/1.29/snakeyaml-1.29.jar:/home/matheus-mota/.m2/repository/org/springframework/boot/spring-boot-devtools/2.6.7/spring-boot-devtools-2.6.7.jar:"/>
    <property name="sun.cpu.endian" value="little"/>
    <property name="user.home" value="/home/matheus-mota"/>
    <property name="user.language" value="pt"/>
    <property name="java.specification.vendor" value="Oracle Corporation"/>
    <property name="java.version.date" value="2021-04-20"/>
    <property name="java.home" value="/usr/lib/jvm/java-11-openjdk-amd64"/>
    <property name="file.separator" value="/"/>
    <property name="basedir" value="/media/matheus-mota/SSD-480/Workspaces/BTI/hospital-reactive-microservices/inpatient-unit-reactive-service"/>
    <property name="java.vm.compressedOopsMode" value="Zero based"/>
    <property name="line.separator" value="&#10;"/>
    <property name="java.specification.name" value="Java Platform API Specification"/>
    <property name="java.vm.specification.vendor" value="Oracle Corporation"/>
    <property name="java.awt.graphicsenv" value="sun.awt.X11GraphicsEnvironment"/>
    <property name="surefire.real.class.path" value="/media/matheus-mota/SSD-480/Workspaces/BTI/hospital-reactive-microservices/inpatient-unit-reactive-service/target/surefire/surefirebooter2050716694124220348.jar"/>
    <property name="sun.management.compiler" value="HotSpot 64-Bit Tiered Compilers"/>
    <property name="java.runtime.version" value="11.0.11+9-Ubuntu-0ubuntu2.20.04"/>
    <property name="user.name" value="matheus-mota"/>
    <property name="path.separator" value=":"/>
    <property name="os.version" value="5.4.0-91-generic"/>
    <property name="java.runtime.name" value="OpenJDK Runtime Environment"/>
    <property name="file.encoding" value="UTF-8"/>
    <property name="java.vm.name" value="OpenJDK 64-Bit Server VM"/>
    <property name="localRepository" value="/home/matheus-mota/.m2/repository"/>
    <property name="java.vendor.url.bug" value="https://bugs.launchpad.net/ubuntu/+source/openjdk-lts"/>
    <property name="java.io.tmpdir" value="/tmp"/>
    <property name="java.version" value="11.0.11"/>
    <property name="user.dir" value="/media/matheus-mota/SSD-480/Workspaces/BTI/hospital-reactive-microservices/inpatient-unit-reactive-service"/>
    <property name="os.arch" value="amd64"/>
    <property name="java.vm.specification.name" value="Java Virtual Machine Specification"/>
    <property name="java.awt.printerjob" value="sun.print.PSPrinterJob"/>
    <property name="sun.os.patch.level" value="unknown"/>
    <property name="java.library.path" value="/usr/java/packages/lib:/usr/lib/x86_64-linux-gnu/jni:/lib/x86_64-linux-gnu:/usr/lib/x86_64-linux-gnu:/usr/lib/jni:/lib:/usr/lib"/>
    <property name="java.vm.info" value="mixed mode, sharing"/>
    <property name="java.vendor" value="Ubuntu"/>
    <property name="java.vm.version" value="11.0.11+9-Ubuntu-0ubuntu2.20.04"/>
    <property name="sun.io.unicode.encoding" value="UnicodeLittle"/>
    <property name="java.class.version" value="55.0"/>
  </properties>
  <testcase name="shouldAnswerWithTrue" classname="br.ufrn.imd.mmgg.AppTest" time="0.004"/>
</testsuite>